TERM environment variable not set.
[21-01-2014 10:10 PM] -r example
Run cronjob: example
Ready run example cronjob.
End
End cronjob
TERM environment variable not set.
[21-01-2014 10:11 PM] -r example
Run cronjob: example
Ready run example cronjob.
End
End cronjob
TERM environment variable not set.
[21-01-2014 10:12 PM] -r example
Run cronjob: example
Ready run example cronjob.
End
End cronjob
TERM environment variable not set.
[21-01-2014 10:13 PM] -r example
Run cronjob: example
Ready run example cronjob.
End
End cronjob
TERM environment variable not set.
[21-01-2014 10:14 PM] -r example
Run cronjob: example
Ready run example cronjob.
End
End cronjob
TERM environment variable not set.
[21-01-2014 10:15 PM] -r example
Run cronjob: example
Ready run example cronjob.
End
End cronjob
TERM environment variable not set.
[21-01-2014 10:16 PM] -r example
Run cronjob: example
Ready run example cronjob.
End
End cronjob
TERM environment variable not set.
[21-01-2014 10:17 PM] -r example
Run cronjob: example
Ready run example cronjob.
End
End cronjob
TERM environment variable not set.
[21-01-2014 10:18 PM] -r example
Run cronjob: example
Ready run example cronjob.
End
End cronjob
TERM environment variable not set.
[21-01-2014 10:19 PM] -r example
Run cronjob: example
Ready run example cronjob.
End
End cronjob
TERM environment variable not set.
[21-01-2014 10:20 PM] -r example
Run cronjob: example
Ready run example cronjob.
End
End cronjob
TERM environment variable not set.
[21-01-2014 10:21 PM] -r example
Run cronjob: example
Ready run example cronjob.
End
End cronjob
TERM environment variable not set.
[21-01-2014 10:22 PM] -r example
Run cronjob: example
Ready run example cronjob.
End
End cronjob
TERM environment variable not set.
[21-01-2014 10:23 PM] -r example
Run cronjob: example
Ready run example cronjob.
End
End cronjob
TERM environment variable not set.
[21-01-2014 10:24 PM] -r example
Run cronjob: example
Ready run example cronjob.
End
End cronjob
TERM environment variable not set.
[21-01-2014 10:25 PM] -r example
Run cronjob: example
Ready run example cronjob.
End
End cronjob
TERM environment variable not set.
[21-01-2014 10:26 PM] -r example
Run cronjob: example
Ready run example cronjob.
End
End cronjob
TERM environment variable not set.
[21-01-2014 10:27 PM] -r example
Run cronjob: example
Ready run example cronjob.
End
End cronjob
TERM environment variable not set.
[21-01-2014 10:28 PM] -r example
Run cronjob: example
Ready run example cronjob.
End
End cronjob
TERM environment variable not set.
[21-01-2014 10:29 PM] -r example
Run cronjob: example
Ready run example cronjob.
End
End cronjob
TERM environment variable not set.
[21-01-2014 10:30 PM] -r example
Run cronjob: example
Ready run example cronjob.
End
End cronjob
TERM environment variable not set.
[21-01-2014 10:31 PM] -r example
Run cronjob: example
Ready run example cronjob.
End
End cronjob
TERM environment variable not set.
[21-01-2014 10:32 PM] -r example
Run cronjob: example
Ready run example cronjob.
End
End cronjob
